<?xml version="1.0" encoding="UTF-8"?>
<!-- Generated by org.testng.reporters.JUnitReportReporter -->
<testsuite hostname="Shanab" failures="0" tests="1" name="TestCases" time="0.903" errors="0" timestamp="2023-05-21T20:47:51 EET" skipped="0">
  <testcase classname="TestCases" name="FistTest" time="0.903"/>
  <system-out/>
</testsuite> <!-- TestCases -->
