<?xml version="1.0" encoding="UTF-8"?>
<!-- Generated by org.testng.reporters.JUnitReportReporter -->
<testsuite hostname="Shanab" failures="0" tests="1" name="SecoundTest" time="1.660" errors="0" timestamp="2023-05-21T19:27:32 EET" skipped="0">
  <testcase classname="SecoundTest" name="Select_One_Item_Randomly_Test" time="1.660"/>
  <system-out/>
</testsuite> <!-- SecoundTest -->
