<?xml version="1.0" encoding="UTF-8"?>
<!-- Generated by org.testng.reporters.JUnitReportReporter -->
<testsuite hostname="Shanab" failures="0" tests="1" name="FiFthTestCase" time="11.699" errors="0" timestamp="2023-05-22T18:01:12 EET" skipped="0">
  <testcase classname="FiFthTestCase" name="CompletePayment" time="11.699"/>
  <system-out/>
</testsuite> <!-- FiFthTestCase -->
