<?xml version="1.0" encoding="UTF-8"?>
<!-- Generated by org.testng.reporters.JUnitReportReporter -->
<testsuite hostname="Shanab" failures="0" tests="1" name="FourthTestCase" time="3.012" errors="0" timestamp="2023-05-21T21:09:11 EET" skipped="0">
  <testcase classname="FourthTestCase" name="Searching_For_Random_Items" time="3.012"/>
  <system-out/>
</testsuite> <!-- FourthTestCase -->
