<?xml version="1.0" encoding="UTF-8"?>
<!-- Generated by org.testng.reporters.JUnitReportReporter -->
<testsuite hostname="Shanab" failures="0" tests="1" name="THiredTestCase" time="0.657" errors="0" timestamp="2023-05-21T20:57:31 EET" skipped="0">
  <testcase classname="THiredTestCase" name="TheTEst" time="0.657"/>
  <system-out/>
</testsuite> <!-- THiredTestCase -->
